<?xml version="1.0" encoding="UTF-8"?>
<testng-results ignored="0" total="1" passed="1" failed="0" skipped="0">
  <reporter-output>
  </reporter-output>
  <suite started-at="2024-03-21T15:14:06 IST" name="Default suite" finished-at="2024-03-21T15:14:50 IST" duration-ms="43944">
    <groups>
    </groups>
    <test started-at="2024-03-21T15:14:06 IST" name="Default test" finished-at="2024-03-21T15:14:50 IST" duration-ms="43944">
      <class name="PluginTestScripts.CustomerSidePurchaseProtection">
        <test-method is-config="true" signature="classConfig()[pri:0, instance:PluginTestScripts.CustomerSidePurchaseProtection@7bba5817]" started-at="2024-03-21T15:14:06 IST" name="classConfig" finished-at="2024-03-21T15:14:07 IST" duration-ms="420" status="PASS">
          <reporter-output>
          </reporter-output>
        </test-method> <!-- classConfig -->
        <test-method is-config="true" signature="methodConfig()[pri:0, instance:PluginTestScripts.CustomerSidePurchaseProtection@7bba5817]" started-at="2024-03-21T15:14:07 IST" name="methodConfig" finished-at="2024-03-21T15:14:09 IST" duration-ms="2925" status="PASS">
          <reporter-output>
          </reporter-output>
        </test-method> <!-- methodConfig -->
        <test-method signature="checkCustomerAbleToUsePP()[pri:0, instance:PluginTestScripts.CustomerSidePurchaseProtection@7bba5817]" started-at="2024-03-21T15:14:09 IST" name="checkCustomerAbleToUsePP" finished-at="2024-03-21T15:14:50 IST" duration-ms="40261" status="PASS">
          <reporter-output>
          </reporter-output>
        </test-method> <!-- checkCustomerAbleToUsePP -->
        <test-method is-config="true" signature="methodTearDown()[pri:0, instance:PluginTestScripts.CustomerSidePurchaseProtection@7bba5817]" started-at="2024-03-21T15:14:50 IST" name="methodTearDown" finished-at="2024-03-21T15:14:50 IST" duration-ms="306" status="PASS">
          <reporter-output>
          </reporter-output>
        </test-method> <!-- methodTearDown -->
        <test-method is-config="true" signature="classTearDown()[pri:0, instance:PluginTestScripts.CustomerSidePurchaseProtection@7bba5817]" started-at="2024-03-21T15:14:50 IST" name="classTearDown" finished-at="2024-03-21T15:14:50 IST" duration-ms="1" status="PASS">
          <reporter-output>
          </reporter-output>
        </test-method> <!-- classTearDown -->
      </class> <!-- PluginTestScripts.CustomerSidePurchaseProtection -->
    </test> <!-- Default test -->
  </suite> <!-- Default suite -->
</testng-results>
