<?xml version="1.0" encoding="UTF-8"?>
<testng-results ignored="0" total="1" passed="1" failed="0" skipped="0">
  <reporter-output>
  </reporter-output>
  <suite started-at="2024-02-02T17:13:22 IST" name="Default suite" finished-at="2024-02-02T17:14:07 IST" duration-ms="44753">
    <groups>
    </groups>
    <test started-at="2024-02-02T17:13:22 IST" name="Default test" finished-at="2024-02-02T17:14:07 IST" duration-ms="44753">
      <class name="MerchantSideTestScript.ProfileDetailsTest">
        <test-method is-config="true" signature="classConfig()[pri:0, instance:MerchantSideTestScript.ProfileDetailsTest@1349883]" started-at="2024-02-02T17:13:22 IST" name="classConfig" finished-at="2024-02-02T17:13:22 IST" duration-ms="409" status="PASS">
          <reporter-output>
          </reporter-output>
        </test-method> <!-- classConfig -->
        <test-method is-config="true" signature="methodConfig()[pri:0, instance:MerchantSideTestScript.ProfileDetailsTest@1349883]" started-at="2024-02-02T17:13:22 IST" name="methodConfig" finished-at="2024-02-02T17:13:26 IST" duration-ms="4072" status="PASS">
          <reporter-output>
          </reporter-output>
        </test-method> <!-- methodConfig -->
        <test-method signature="sideNaviMenuTest()[pri:1, instance:MerchantSideTestScript.ProfileDetailsTest@1349883]" started-at="2024-02-02T17:13:26 IST" name="sideNaviMenuTest" finished-at="2024-02-02T17:14:06 IST" duration-ms="40053" status="PASS">
          <reporter-output>
          </reporter-output>
        </test-method> <!-- sideNaviMenuTest -->
        <test-method is-config="true" signature="methodTearDown()[pri:0, instance:MerchantSideTestScript.ProfileDetailsTest@1349883]" started-at="2024-02-02T17:14:06 IST" name="methodTearDown" finished-at="2024-02-02T17:14:07 IST" duration-ms="191" status="PASS">
          <reporter-output>
          </reporter-output>
        </test-method> <!-- methodTearDown -->
        <test-method is-config="true" signature="classTearDown()[pri:0, instance:MerchantSideTestScript.ProfileDetailsTest@1349883]" started-at="2024-02-02T17:14:07 IST" name="classTearDown" finished-at="2024-02-02T17:14:07 IST" duration-ms="1" status="PASS">
          <reporter-output>
          </reporter-output>
        </test-method> <!-- classTearDown -->
      </class> <!-- MerchantSideTestScript.ProfileDetailsTest -->
    </test> <!-- Default test -->
  </suite> <!-- Default suite -->
</testng-results>
